<?xml version="1.0" encoding="UTF-8"?>
<!-- Generated by org.testng.reporters.JUnitReportReporter -->
<testsuite hostname="DESKTOP-L8T6TVJ" failures="0" tests="4" name="Test1" time="0.007" errors="0" timestamp="2021-06-26T15:33:24 IST" skipped="1">
  <testcase classname="Test1" name="m1" time="0.005"/>
  <system-out/>
  <testcase classname="Test1" name="m1" time="0.001"/>
  <system-out/>
  <testcase classname="Test1" name="m" time="0.001"/>
  <system-out/>
  <testcase classname="Test1" name="m0">
    <skipped/>
  </testcase> <!-- m0 -->
  <system-out/>
</testsuite> <!-- Test1 -->
